Analysis initiated from SIMULIA established products
Abaqus JOB QUADsteptwo
Abaqus 2024
Abaqus License Manager checked out the following licenses:
Abaqus/Standard checked out 5 tokens from Flexnet server licabaq1.lic.chalmers.se.
<142 out of 230 licenses remain available>.
Begin Analysis Input File Processor
2025-03-12 14:15:25
Run pre.exe
2025-03-12 14:15:29
End Analysis Input File Processor
Begin Abaqus/Standard Analysis
2025-03-12 14:15:29
Run standard.exe
2025-03-12 14:15:33
End Abaqus/Standard Analysis
Begin SIM Wrap-up
2025-03-12 14:15:33
Run SMASimUtility.exe
2025-03-12 14:15:33
End SIM Wrap-up
Abaqus JOB QUADsteptwo COMPLETED
