Analysis initiated from SIMULIA established products
Abaqus JOB Stepone
Abaqus 2024
Abaqus License Manager checked out the following licenses:
Abaqus/Foundation checked out 3 tokens from Flexnet server licabaq1.lic.chalmers.se.
<162 out of 230 licenses remain available>.
Begin Analysis Input File Processor
2025-03-12 13:55:01
Run pre.exe
2025-03-12 13:55:06
End Analysis Input File Processor
Begin Abaqus/Standard Analysis
2025-03-12 13:55:06
Run standard.exe
2025-03-12 13:55:11
End Abaqus/Standard Analysis
Begin SIM Wrap-up
2025-03-12 13:55:12
Run SMASimUtility.exe
2025-03-12 13:55:12
End SIM Wrap-up
Abaqus JOB Stepone COMPLETED
