1
0
1
ASSEMBLY
1
CHAIR-1
CHAIR
1
CHAIR-1
14
-2147483646
0
48 1 16 5 0 1 0 -1 -1 1652 1 -1879048189 1 1652 
14
48 1 16 5 0 1 0 -1 -1 1652 1 -1879048189 1 1652 
0
1
CHAIR-1
14
-2147483646
0
48 1 16 5 0 1 0 -1 -1 1557 1 -1879048189 1 1557 
14
48 1 16 5 0 1 0 -1 -1 1557 1 -1879048189 1 1557 
0
2
BCS
0
1
0
1
CHAIR-1
80
41 42 43 44 45 46 47 48 49 50 51 52 53 54 55 56 57 58 59 60 61 62 63 64 65 66 67 68 69 70 71 72 73 74 75 76 77 78 79 80 361 362 363 364 365 366 367 368 369 370 371 372 373 374 375 376 377 378 379 380 381 384 387 390 393 396 399 402 405 408 411 414 417 420 423 426 429 432 435 438 
0
_BOTTOM_SPOS
0
2
0
1
CHAIR-1
220
981 982 983 984 985 986 987 988 989 990 991 992 993 994 995 996 997 998 999 1000 1001 1002 1003 1004 1005 1006 1007 1008 1009 1010 1011 1012 1013 1014 1015 1016 1017 1018 1019 1020 1021 1022 1023 1024 1025 1026 1027 1028 1029 1030 1031 1032 1033 1034 1035 1036 1037 1038 1039 1040 1041 1042 1043 1044 1045 1046 1047 1048 1049 1050 1051 1052 1053 1054 1055 1056 1057 1058 1059 1060 1061 1062 1063 1064 1065 1066 1067 1068 1069 1070 1071 1072 1073 1074 1075 1076 1077 1078 1079 1080 1081 1082 1083 1084 1085 1086 1087 1088 1089 1090 1091 1092 1093 1094 1095 1096 1097 1098 1099 1100 1101 1102 1103 1104 1105 1106 1107 1108 1109 1110 1111 1112 1113 1114 1115 1116 1117 1118 1119 1120 1121 1122 1123 1124 1125 1126 1127 1128 1129 1130 1131 1132 1133 1134 1135 1136 1137 1138 1139 1140 1141 1142 1143 1144 1145 1146 1147 1148 1149 1150 1151 1152 1153 1154 1155 1156 1157 1158 1159 1160 1161 1162 1163 1164 1165 1166 1167 1168 1169 1170 1171 1172 1173 1174 1175 1176 1177 1178 1179 1180 1181 1182 1183 1184 1185 1186 1187 1188 1189 1190 1191 1192 1193 1194 1195 1196 1197 1198 1199 1200 
0
1
CHAIR-1
2
SET-1
0
1
14
-2147483647
48 1 16 5 0 1 0 -1 -1 1557 1 -1879048189 1 1557 
0
0
_PICKEDSET9
0
2
14
-2147483647
48 1 16 5 0 1 0 -1 -1 1557 1 -1879048189 1 1557 
0
0
0
1
BCS
0
1
0
1
CHAIR-1
42
7 8 9 10 82 83 84 85 86 87 88 89 90 91 92 93 94 95 96 97 98 99 100 116 117 118 119 120 121 122 123 124 125 126 127 128 129 130 131 132 133 134 
0
1
CHAIR-1
2
SET-1
0
1
14
-2147483647
48 1 16 5 0 1 0 -1 -1 1652 1 -1879048189 1 1652 
0
0
_PICKEDSET9
0
2
14
-2147483647
48 1 16 5 0 1 0 -1 -1 1652 1 -1879048189 1 1652 
0
0
0
0
1
BOTTOM
0
0
0
1
CHAIR-1
0
0
1
SPOS
220
981 982 983 984 985 986 987 988 989 990 991 992 993 994 995 996 997 998 999 1000 1001 1002 1003 1004 1005 1006 1007 1008 1009 1010 1011 1012 1013 1014 1015 1016 1017 1018 1019 1020 1021 1022 1023 1024 1025 1026 1027 1028 1029 1030 1031 1032 1033 1034 1035 1036 1037 1038 1039 1040 1041 1042 1043 1044 1045 1046 1047 1048 1049 1050 1051 1052 1053 1054 1055 1056 1057 1058 1059 1060 1061 1062 1063 1064 1065 1066 1067 1068 1069 1070 1071 1072 1073 1074 1075 1076 1077 1078 1079 1080 1081 1082 1083 1084 1085 1086 1087 1088 1089 1090 1091 1092 1093 1094 1095 1096 1097 1098 1099 1100 1101 1102 1103 1104 1105 1106 1107 1108 1109 1110 1111 1112 1113 1114 1115 1116 1117 1118 1119 1120 1121 1122 1123 1124 1125 1126 1127 1128 1129 1130 1131 1132 1133 1134 1135 1136 1137 1138 1139 1140 1141 1142 1143 1144 1145 1146 1147 1148 1149 1150 1151 1152 1153 1154 1155 1156 1157 1158 1159 1160 1161 1162 1163 1164 1165 1166 1167 1168 1169 1170 1171 1172 1173 1174 1175 1176 1177 1178 1179 1180 1181 1182 1183 1184 1185 1186 1187 1188 1189 1190 1191 1192 1193 1194 1195 1196 1197 1198 1199 1200 
